2024-12-12 22:12:20,810 [INFO] com.vinesh.SpringRest.SpringRestdemoApplication [main] Starting SpringRestdemoApplication using Java 19 with PID 7442 (/Users/varunraghu/Vineshraghu/SpringRest/target/classes started by varunraghu in /Users/varunraghu/Vineshraghu/SpringRest)
2024-12-12 22:12:20,827 [DEBUG] com.vinesh.SpringRest.SpringRestdemoApplication [main] Running with Spring Boot v3.4.0, Spring v6.2.0
2024-12-12 22:12:20,830 [INFO] com.vinesh.SpringRest.SpringRestdemoApplication [main] No active profile set, falling back to 1 default profile: "default"
2024-12-12 22:12:23,111 [INFO] org.springframework.data.repository.config.RepositoryConfigurationDelegate [main] Bootstrapping Spring Data JPA repositories in DEFAULT mode.
2024-12-12 22:12:23,301 [INFO] org.springframework.data.repository.config.RepositoryConfigurationDelegate [main] Finished Spring Data repository scanning in 168 ms. Found 6 JPA repository interfaces.
2024-12-12 22:12:24,772 [INFO] org.springframework.boot.web.embedded.tomcat.TomcatWebServer [main] Tomcat initialized with port 8080 (http)
2024-12-12 22:12:24,813 [INFO] org.apache.catalina.core.StandardService [main] Starting service [Tomcat]
2024-12-12 22:12:24,814 [INFO] org.apache.catalina.core.StandardEngine [main] Starting Servlet engine: [Apache Tomcat/10.1.33]
2024-12-12 22:12:24,974 [INFO] org.apache.catalina.core.ContainerBase.[Tomcat].[localhost].[/] [main] Initializing Spring embedded WebApplicationContext
2024-12-12 22:12:24,975 [INFO] org.springframework.boot.web.servlet.context.ServletWebServerApplicationContext [main] Root WebApplicationContext: initialization completed in 3982 ms
2024-12-12 22:12:25,056 [INFO] com.zaxxer.hikari.HikariDataSource [main] HikariPool-1 - Starting...
2024-12-12 22:12:30,843 [INFO] com.zaxxer.hikari.pool.HikariPool [main] HikariPool-1 - Added connection conn1: url=jdbc:h2:file:/Users/varunraghu/test user=ADMIN
2024-12-12 22:12:30,846 [INFO] com.zaxxer.hikari.HikariDataSource [main] HikariPool-1 - Start completed.
2024-12-12 22:12:30,877 [INFO] org.springframework.boot.autoconfigure.h2.H2ConsoleAutoConfiguration [main] H2 console available at '/db-console'. Database available at 'jdbc:h2:file:/Users/varunraghu/test'
2024-12-12 22:12:31,156 [INFO] org.hibernate.jpa.internal.util.LogHelper [main] HHH000204: Processing PersistenceUnitInfo [name: default]
2024-12-12 22:12:31,286 [INFO] org.hibernate.Version [main] HHH000412: Hibernate ORM core version 6.6.2.Final
2024-12-12 22:12:31,377 [INFO] org.hibernate.cache.internal.RegionFactoryInitiator [main] HHH000026: Second-level cache disabled
2024-12-12 22:12:32,046 [INFO] org.springframework.orm.jpa.persistenceunit.SpringPersistenceUnitInfo [main] No LoadTimeWeaver setup: ignoring JPA class transformer
2024-12-12 22:12:32,137 [WARN] org.hibernate.orm.deprecation [main] HHH90000025: H2Dialect does not need to be specified explicitly using 'hibernate.dialect' (remove the property setting and it will be selected by default)
2024-12-12 22:12:32,163 [INFO] org.hibernate.orm.connections.pooling [main] HHH10001005: Database info:
	Database JDBC URL [Connecting through datasource 'HikariDataSource (HikariPool-1)']
	Database driver: undefined/unknown
	Database version: 2.3.232
	Autocommit mode: undefined/unknown
	Isolation level: undefined/unknown
	Minimum pool size: undefined/unknown
	Maximum pool size: undefined/unknown
2024-12-12 22:12:34,065 [INFO] org.hibernate.engine.transaction.jta.platform.internal.JtaPlatformInitiator [main] HHH000489: No JTA platform available (set 'hibernate.transaction.jta.platform' to enable JTA platform integration)
2024-12-12 22:12:34,173 [INFO] org.springframework.orm.jpa.LocalContainerEntityManagerFactoryBean [main] Initialized JPA EntityManagerFactory for persistence unit 'default'
2024-12-12 22:12:39,704 [INFO] org.springframework.data.jpa.repository.query.QueryEnhancerFactory [main] Hibernate is in classpath; If applicable, HQL parser will be used.
2024-12-12 22:12:41,469 [WARN] org.springframework.boot.autoconfigure.orm.jpa.JpaBaseConfiguration$JpaWebConfiguration [main] spring.jpa.open-in-view is enabled by default. Therefore, database queries may be performed during view rendering. Explicitly configure spring.jpa.open-in-view to disable this warning
2024-12-12 22:12:41,538 [INFO] org.springframework.security.config.annotation.authentication.configuration.InitializeUserDetailsBeanManagerConfigurer$InitializeUserDetailsManagerConfigurer [main] Global AuthenticationManager configured with UserDetailsService bean with name accountService
2024-12-12 22:12:43,277 [INFO] org.springframework.boot.web.embedded.tomcat.TomcatWebServer [main] Tomcat started on port 8080 (http) with context path '/'
2024-12-12 22:12:43,308 [INFO] com.vinesh.SpringRest.SpringRestdemoApplication [main] Started SpringRestdemoApplication in 23.643 seconds (process running for 24.574)
2024-12-12 22:12:54,240 [INFO] org.apache.catalina.core.ContainerBase.[Tomcat].[localhost].[/] [http-nio-8080-exec-1] Initializing Spring DispatcherServlet 'dispatcherServlet'
2024-12-12 22:12:54,241 [INFO] org.springframework.web.servlet.DispatcherServlet [http-nio-8080-exec-1] Initializing Servlet 'dispatcherServlet'
2024-12-12 22:12:54,245 [INFO] org.springframework.web.servlet.DispatcherServlet [http-nio-8080-exec-1] Completed initialization in 4 ms
2024-12-12 23:19:52,696 [WARN] org.springframework.web.servlet.PageNotFound [http-nio-8080-exec-10] No mapping for GET /favicon.ico
2024-12-12 23:19:52,703 [WARN] org.springframework.web.servlet.PageNotFound [http-nio-8080-exec-10] No endpoint GET /favicon.ico.
2024-12-12 23:37:34,402 [INFO] org.springframework.boot.web.embedded.tomcat.GracefulShutdown [SpringApplicationShutdownHook] Commencing graceful shutdown. Waiting for active requests to complete
2024-12-12 23:37:36,425 [INFO] org.springframework.boot.web.embedded.tomcat.GracefulShutdown [tomcat-shutdown] Graceful shutdown complete
2024-12-12 23:37:36,438 [INFO] org.springframework.orm.jpa.LocalContainerEntityManagerFactoryBean [SpringApplicationShutdownHook] Closing JPA EntityManagerFactory for persistence unit 'default'
2024-12-12 23:37:36,456 [INFO] com.zaxxer.hikari.HikariDataSource [SpringApplicationShutdownHook] HikariPool-1 - Shutdown initiated...
2024-12-12 23:37:36,462 [INFO] com.zaxxer.hikari.HikariDataSource [SpringApplicationShutdownHook] HikariPool-1 - Shutdown completed.
